<?xml version="1.0" encoding="UTF-8"?>
<testsuite xmlns:xsi="http://www.w3.org/2001/XMLSchema-instance" xsi:noNamespaceSchemaLocation="https://maven.apache.org/surefire/maven-surefire-plugin/xsd/surefire-test-report.xsd" version="3.0" name="com.epistimis.uddl.query.tests.QueryParsingTest" time="2.116" tests="8" errors="0" skipped="0" failures="0">
  <properties>
[...]
</properties>
  <testcase name="testRIG_EquivalentEntity_Query1" classname="com.epistimis.uddl.query.tests.QueryParsingTest" time="0.272"/>
  <testcase name="testRIG_EquivalentEntity_Query2" classname="com.epistimis.uddl.query.tests.QueryParsingTest" time="0.006"/>
  <testcase name="testBasicSelect" classname="com.epistimis.uddl.query.tests.QueryParsingTest" time="0.006"/>
  <testcase name="testRIG_DogOwnership_CDM_Query1" classname="com.epistimis.uddl.query.tests.QueryParsingTest" time="0.004"/>
  <testcase name="testRIG_DogOwnership_CDM_Query2" classname="com.epistimis.uddl.query.tests.QueryParsingTest" time="0.012"/>
  <testcase name="testRIG_DogOwnership_CDM_Query3" classname="com.epistimis.uddl.query.tests.QueryParsingTest" time="0.008"/>
  <testcase name="testRIG_AircraftAirportArrival_PDM_Query1" classname="com.epistimis.uddl.query.tests.QueryParsingTest" time="0.007"/>
  <testcase name="testRIG_ModeledDomainConcepts_PDM_Query1" classname="com.epistimis.uddl.query.tests.QueryParsingTest" time="0.007"/>
</testsuite>